  Application.cpp
D:\Desktop\Multi-Media-Retrieval\offViewer\OpenGLTutorial\Application.cpp(37,17): warning C4244: 'initializing': conversion from 'double' to 'float', possible loss of data
  Grid.cpp
D:\Desktop\Multi-Media-Retrieval\offViewer\OpenGLTutorial\Grid.cpp(79,12): warning C4244: '=': conversion from 'double' to 'float', possible loss of data
D:\Desktop\Multi-Media-Retrieval\offViewer\OpenGLTutorial\Grid.cpp(80,12): warning C4244: '=': conversion from 'double' to 'float', possible loss of data
D:\Desktop\Multi-Media-Retrieval\offViewer\OpenGLTutorial\Grid.cpp(81,12): warning C4244: '=': conversion from 'double' to 'float', possible loss of data
  OFFReader.cpp
D:\Desktop\Multi-Media-Retrieval\offViewer\OpenGLTutorial\OFFReader.cpp(38,34): warning C4390: ';': empty controlled statement found; is this the intent?
D:\Desktop\Multi-Media-Retrieval\offViewer\OpenGLTutorial\OFFReader.cpp(60,7): warning C4101: 'i': unreferenced local variable
  Renderer.cpp
D:\Desktop\Multi-Media-Retrieval\offViewer\OpenGLTutorial\Renderer.cpp(73,25): warning C4305: 'argument': truncation from 'double' to 'GLfloat'
D:\Desktop\Multi-Media-Retrieval\offViewer\OpenGLTutorial\Renderer.cpp(97,25): warning C4305: 'argument': truncation from 'double' to 'GLfloat'
D:\Desktop\Multi-Media-Retrieval\offViewer\OpenGLTutorial\Renderer.cpp(135,25): warning C4305: 'argument': truncation from 'double' to 'GLfloat'
  zpr.cpp
D:\Desktop\Multi-Media-Retrieval\offViewer\OpenGLTutorial\zpr.cpp(97,22): warning C4244: 'argument': conversion from 'double' to 'GLfloat', possible loss of data
D:\Desktop\Multi-Media-Retrieval\offViewer\OpenGLTutorial\zpr.cpp(97,20): warning C4244: 'argument': conversion from 'double' to 'GLfloat', possible loss of data
D:\Desktop\Multi-Media-Retrieval\offViewer\OpenGLTutorial\zpr.cpp(97,18): warning C4244: 'argument': conversion from 'double' to 'GLfloat', possible loss of data
D:\Desktop\Multi-Media-Retrieval\offViewer\OpenGLTutorial\zpr.cpp(120,26): warning C4244: 'argument': conversion from 'double' to 'GLfloat', possible loss of data
D:\Desktop\Multi-Media-Retrieval\offViewer\OpenGLTutorial\zpr.cpp(120,23): warning C4244: 'argument': conversion from 'double' to 'GLfloat', possible loss of data
D:\Desktop\Multi-Media-Retrieval\offViewer\OpenGLTutorial\zpr.cpp(120,20): warning C4244: 'argument': conversion from 'double' to 'GLfloat', possible loss of data
D:\Desktop\Multi-Media-Retrieval\offViewer\OpenGLTutorial\zpr.cpp(120,13): warning C4244: 'argument': conversion from 'double' to 'GLfloat', possible loss of data
D:\Desktop\Multi-Media-Retrieval\offViewer\OpenGLTutorial\zpr.cpp(136,44): warning C4244: 'argument': conversion from 'double' to 'GLfloat', possible loss of data
D:\Desktop\Multi-Media-Retrieval\offViewer\OpenGLTutorial\zpr.cpp(136,31): warning C4244: 'argument': conversion from 'double' to 'GLfloat', possible loss of data
D:\Desktop\Multi-Media-Retrieval\offViewer\OpenGLTutorial\zpr.cpp(136,18): warning C4244: 'argument': conversion from 'double' to 'GLfloat', possible loss of data
D:\Desktop\Multi-Media-Retrieval\offViewer\OpenGLTutorial\zpr.cpp(310,14): warning C4101: 'k': unreferenced local variable
  Generating Code...
  OpenGLTutorial.vcxproj -> D:\Desktop\Multi-Media-Retrieval\offViewer\Debug\OpenGLTutorial.exe
